<?xml version="1.0" encoding="UTF-8"?>
<!-- Generated by org.testng.reporters.JUnitReportReporter -->
<testsuite hostname="DESKTOP-CC2E0CE" failures="0" tests="1" name="myproject.Execution" time="9.010" errors="0" timestamp="2023-03-23T14:36:57 IST" skipped="0">
  <testcase classname="myproject.Execution" name="inbox" time="9.010"/>
  <system-out/>
</testsuite> <!-- myproject.Execution -->
