<?xml version="1.0" encoding="UTF-8"?>
<!-- Generated by org.testng.reporters.JUnitReportReporter -->
<testsuite hostname="DESKTOP-TDDQJB9" failures="0" tests="1" name="myproject.DemoTest" time="21.943" errors="0" timestamp="2023-04-25T12:51:49 IST" skipped="0">
  <testcase classname="myproject.DemoTest" name="demoTest1" time="21.943"/>
  <system-out/>
</testsuite> <!-- myproject.DemoTest -->
