<?xml version="1.0" encoding="UTF-8"?>
<!-- Generated by org.testng.reporters.JUnitReportReporter -->
<testsuite hostname="DESKTOP-TDDQJB9" failures="0" tests="1" name="myproject.ClickOnRequest" time="10.701" errors="0" timestamp="2023-04-06T10:25:15 IST" skipped="0">
  <testcase classname="myproject.ClickOnRequest" name="Request" time="10.701"/>
  <system-out/>
</testsuite> <!-- myproject.ClickOnRequest -->
