<?xml version="1.0" encoding="UTF-8"?>
<!-- Generated by org.testng.reporters.JUnitReportReporter -->
<testsuite hostname="DESKTOP-TDDQJB9" failures="0" tests="1" name="myproject.ClickOnRequestTest" time="18.667" errors="0" timestamp="2023-04-25T12:55:23 IST" skipped="0">
  <testcase classname="myproject.ClickOnRequestTest" name="Request" time="18.667"/>
  <system-out/>
</testsuite> <!-- myproject.ClickOnRequestTest -->
