<?xml version="1.0" encoding="UTF-8"?>
<!-- Generated by org.testng.reporters.JUnitReportReporter -->
<testsuite hostname="DESKTOP-TDDQJB9" failures="0" tests="1" name="myproject.AddTaskTest" time="13.206" errors="0" timestamp="2023-04-24T10:41:26 IST" skipped="0">
  <testcase classname="myproject.AddTaskTest" name="add" time="13.206"/>
  <system-out/>
</testsuite> <!-- myproject.AddTaskTest -->
