<?xml version="1.0" encoding="UTF-8"?>
<!-- Generated by org.testng.reporters.JUnitReportReporter -->
<testsuite hostname="DESKTOP-TDDQJB9" failures="0" tests="2" name="myproject.DataProviders" time="0.006" errors="0" timestamp="2023-04-13T15:00:47 IST" skipped="0">
  <testcase classname="myproject.DataProviders" name="addproductToCart" time="0.005"/>
  <system-out/>
  <testcase classname="myproject.DataProviders" name="addproductToCart" time="0.001"/>
  <system-out/>
</testsuite> <!-- myproject.DataProviders -->
