<?xml version="1.0" encoding="UTF-8"?>
<!-- Generated by org.testng.reporters.JUnitReportReporter -->
<testsuite hostname="DESKTOP-TDDQJB9" failures="0" tests="1" name="myproject.ClickOnInbox" time="17.676" errors="0" timestamp="2023-04-03T13:11:04 IST" skipped="0">
  <testcase classname="myproject.ClickOnInbox" name="inbox" time="17.676"/>
  <system-out/>
</testsuite> <!-- myproject.ClickOnInbox -->
