<?xml version="1.0" encoding="UTF-8"?>
<!-- Generated by org.testng.reporters.JUnitReportReporter -->
<testsuite hostname="DESKTOP-CC2E0CE" failures="0" tests="2" name="myproject.AddProduct" time="0.017" errors="0" timestamp="2023-03-23T14:22:29 IST" skipped="0">
  <testcase classname="myproject.AddProduct" name="addproductToCart" time="0.013"/>
  <system-out/>
  <testcase classname="myproject.AddProduct" name="addproductToCart" time="0.004"/>
  <system-out/>
</testsuite> <!-- myproject.AddProduct -->
