<?xml version="1.0" encoding="UTF-8"?>
<!-- Generated by org.testng.reporters.JUnitReportReporter -->
<testsuite hostname="DESKTOP-TDDQJB9" failures="0" tests="1" name="myproject.ClickOnInboxTest" time="8.690" errors="0" timestamp="2023-04-06T17:10:55 IST" skipped="0">
  <testcase classname="myproject.ClickOnInboxTest" name="inbox" time="8.690"/>
  <system-out/>
</testsuite> <!-- myproject.ClickOnInboxTest -->
