<?xml version="1.0" encoding="UTF-8"?>
<!-- Generated by org.testng.reporters.JUnitReportReporter -->
<testsuite hostname="DESKTOP-TDDQJB9" failures="0" tests="1" name="myproject.ClickOnInboxTest" time="22.608" errors="0" timestamp="2023-04-25T12:55:23 IST" skipped="0">
  <testcase classname="myproject.ClickOnInboxTest" name="inbox" time="22.608"/>
  <system-out/>
</testsuite> <!-- myproject.ClickOnInboxTest -->
