<?xml version="1.0" encoding="UTF-8"?>
<!-- Generated by org.testng.reporters.JUnitReportReporter -->
<testsuite hostname="DESKTOP-TDDQJB9" failures="0" tests="2" name="myproject.DataProviders" time="0.009" errors="0" timestamp="2023-04-25T11:21:35 IST" skipped="0">
  <testcase classname="myproject.DataProviders" name="addproductToCart" time="0.002"/>
  <system-out/>
  <testcase classname="myproject.DataProviders" name="addproductToCart" time="0.007"/>
  <system-out/>
</testsuite> <!-- myproject.DataProviders -->
