<?xml version="1.0" encoding="UTF-8"?>
<!-- Generated by org.testng.reporters.JUnitReportReporter -->
<testsuite hostname="DESKTOP-TDDQJB9" failures="0" tests="1" name="myproject.ReadCmdLineTest" time="0.006" errors="0" timestamp="2023-04-07T10:54:16 IST" skipped="0">
  <testcase classname="myproject.ReadCmdLineTest" name="ReadData" time="0.006"/>
  <system-out/>
</testsuite> <!-- myproject.ReadCmdLineTest -->
